[INFO ] 2021-10-27 16:16:25.803 [main] Log - Test Started
[INFO ] 2021-10-27 16:16:25.870 [main] Log - Connecting to HyperSQL Database
[WARN ] 2021-10-27 16:16:26.363 [main] Log - Deleting all entries in DB table < Events >.
[INFO ] 2021-10-27 16:16:26.391 [main] Log - Creating Events table
[INFO ] 2021-10-27 16:16:26.404 [main] Log - Closing DB connection.
[INFO ] 2021-10-27 16:19:30.179 [main] Log - Test Started
[INFO ] 2021-10-27 16:19:30.241 [main] Log - Connecting to HyperSQL Database
[WARN ] 2021-10-27 16:19:30.611 [main] Log - Deleting all entries in DB table < LogEvents >.
[INFO ] 2021-10-27 16:22:36.456 [main] Log - *****************************************************************************************
[INFO ] 2021-10-27 16:22:36.456 [main] Log - ****** Initializing Test Execution for Class class com.sc.test.HyperSqlDBConnectionTest*******
[INFO ] 2021-10-27 16:22:36.456 [main] Log - *****************************************************************************************
[INFO ] 2021-10-27 16:22:36.545 [main] Log - **** Start: Test to check DB Connectivity ******
[INFO ] 2021-10-27 16:22:36.545 [main] Log - Connecting to HyperSQL Database
[INFO ] 2021-10-27 16:22:36.814 [main] Log - Connection is established successfully
[INFO ] 2021-10-27 16:22:36.814 [main] Log - **** Start: Test to check table creation ******
[INFO ] 2021-10-27 16:22:36.814 [main] Log - Connecting to HyperSQL Database
[INFO ] 2021-10-27 16:22:36.814 [main] Log - Connection is established successfully
[INFO ] 2021-10-27 16:22:36.814 [main] Log - Creating Events table
[INFO ] 2021-10-27 16:22:36.845 [main] Log - *****************************************************************************************
[INFO ] 2021-10-27 16:22:36.845 [main] Log - ****** Finished Test Execution for Class class com.sc.test.HyperSqlDBConnectionTest*******
[INFO ] 2021-10-27 16:22:36.845 [main] Log - *****************************************************************************************
[INFO ] 2021-10-27 16:23:38.728 [main] Log - *****************************************************************************************
[INFO ] 2021-10-27 16:23:38.728 [main] Log - ****** Initializing Test Execution for Class class com.sc.test.HyperSqlDBConnectionTest*******
[INFO ] 2021-10-27 16:23:38.734 [main] Log - *****************************************************************************************
[INFO ] 2021-10-27 16:23:38.860 [main] Log - **** Start: Test to check DB Connectivity ******
[INFO ] 2021-10-27 16:23:38.870 [main] Log - Connecting to HyperSQL Database
[INFO ] 2021-10-27 16:23:39.234 [main] Log - Connection is established successfully
[INFO ] 2021-10-27 16:23:39.234 [main] Log - **** Start: Test to check table creation ******
[INFO ] 2021-10-27 16:23:39.234 [main] Log - Connecting to HyperSQL Database
[INFO ] 2021-10-27 16:23:39.234 [main] Log - Connection is established successfully
[INFO ] 2021-10-27 16:23:39.234 [main] Log - Creating LogEvents table
[INFO ] 2021-10-27 16:23:39.254 [main] Log - *****************************************************************************************
[INFO ] 2021-10-27 16:23:39.254 [main] Log - ****** Finished Test Execution for Class class com.sc.test.HyperSqlDBConnectionTest*******
[INFO ] 2021-10-27 16:23:39.254 [main] Log - *****************************************************************************************
[INFO ] 2021-10-27 16:29:43.272 [TestNG-tests-2] Log - *****************************************************************************************
[INFO ] 2021-10-27 16:29:43.272 [TestNG-tests-1] Log - Test Started
[INFO ] 2021-10-27 16:29:43.272 [TestNG-tests-2] Log - ****** Initializing Test Execution for Class class com.sc.test.HyperSqlDBConnectionTest*******
[INFO ] 2021-10-27 16:29:43.272 [TestNG-tests-2] Log - *****************************************************************************************
[INFO ] 2021-10-27 16:29:43.272 [TestNG-tests-2] Log - **** Start: Test to check DB Connectivity ******
[INFO ] 2021-10-27 16:29:43.285 [TestNG-tests-2] Log - Connecting to HyperSQL Database
[INFO ] 2021-10-27 16:29:43.372 [TestNG-tests-1] Log - Connecting to HyperSQL Database
[INFO ] 2021-10-27 16:29:53.961 [TestNG-tests-2] Log - **** Start: Test to check table creation ******
[INFO ] 2021-10-27 16:29:53.962 [TestNG-tests-2] Log - Connecting to HyperSQL Database
[INFO ] 2021-10-27 16:30:14.642 [TestNG-tests-2] Log - *****************************************************************************************
[INFO ] 2021-10-27 16:30:14.642 [TestNG-tests-2] Log - ****** Finished Test Execution for Class class com.sc.test.HyperSqlDBConnectionTest*******
[INFO ] 2021-10-27 16:30:14.642 [TestNG-tests-2] Log - *****************************************************************************************
[INFO ] 2021-10-27 16:33:13.281 [main] Log - Test Started
[INFO ] 2021-10-27 16:33:13.342 [main] Log - Connecting to HyperSQL Database
[INFO ] 2021-10-27 16:33:24.253 [main] Log - *****************************************************************************************
[INFO ] 2021-10-27 16:33:24.253 [main] Log - ****** Initializing Test Execution for Class class com.sc.test.HyperSqlDBConnectionTest*******
[INFO ] 2021-10-27 16:33:24.253 [main] Log - *****************************************************************************************
[INFO ] 2021-10-27 16:33:24.253 [main] Log - **** Start: Test to check DB Connectivity ******
[INFO ] 2021-10-27 16:33:24.253 [main] Log - Connecting to HyperSQL Database
[INFO ] 2021-10-27 16:33:34.601 [main] Log - **** Start: Test to check table creation ******
[INFO ] 2021-10-27 16:33:34.601 [main] Log - Connecting to HyperSQL Database
[INFO ] 2021-10-27 16:33:44.955 [main] Log - *****************************************************************************************
[INFO ] 2021-10-27 16:33:44.955 [main] Log - ****** Finished Test Execution for Class class com.sc.test.HyperSqlDBConnectionTest*******
[INFO ] 2021-10-27 16:33:44.955 [main] Log - *****************************************************************************************
[INFO ] 2021-10-27 17:09:56.486 [main] Log - *****************************************************************************************
[INFO ] 2021-10-27 17:09:56.497 [main] Log - ****** Initializing Test Execution for Class class com.sc.test.HyperSqlDBConnectionTest*******
[INFO ] 2021-10-27 17:09:56.498 [main] Log - *****************************************************************************************
[INFO ] 2021-10-27 17:09:56.812 [main] Log - **** Start: Test to check DB Connectivity ******
[INFO ] 2021-10-27 17:09:56.833 [main] Log - Connecting to HyperSQL Database
[INFO ] 2021-10-27 17:10:07.814 [main] Log - **** Start: Test to check table creation ******
[INFO ] 2021-10-27 17:10:07.815 [main] Log - Connecting to HyperSQL Database
[INFO ] 2021-10-27 17:10:18.228 [main] Log - *****************************************************************************************
[INFO ] 2021-10-27 17:10:18.229 [main] Log - ****** Finished Test Execution for Class class com.sc.test.HyperSqlDBConnectionTest*******
[INFO ] 2021-10-27 17:10:18.229 [main] Log - *****************************************************************************************
[INFO ] 2021-10-27 17:11:50.850 [main] Log - *****************************************************************************************
[INFO ] 2021-10-27 17:11:50.855 [main] Log - ****** Initializing Test Execution for Class class com.sc.test.HyperSqlDBConnectionTest*******
[INFO ] 2021-10-27 17:11:50.856 [main] Log - *****************************************************************************************
[INFO ] 2021-10-27 17:11:51.057 [main] Log - **** Start: Test to check DB Connectivity ******
[INFO ] 2021-10-27 17:11:51.060 [main] Log - Connecting to HyperSQL Database
[INFO ] 2021-10-27 17:12:02.236 [main] Log - **** Start: Test to check table creation ******
[INFO ] 2021-10-27 17:12:02.236 [main] Log - Connecting to HyperSQL Database
[INFO ] 2021-10-27 17:12:12.647 [main] Log - *****************************************************************************************
[INFO ] 2021-10-27 17:12:12.648 [main] Log - ****** Finished Test Execution for Class class com.sc.test.HyperSqlDBConnectionTest*******
[INFO ] 2021-10-27 17:12:12.648 [main] Log - *****************************************************************************************
[INFO ] 2021-10-27 17:13:30.320 [main] Log - *****************************************************************************************
[INFO ] 2021-10-27 17:13:30.326 [main] Log - ****** Initializing Test Execution for Class class com.sc.test.HyperSqlDBConnectionTest*******
[INFO ] 2021-10-27 17:13:30.327 [main] Log - *****************************************************************************************
[INFO ] 2021-10-27 17:13:30.484 [main] Log - **** Start: Test to check DB Connectivity ******
[INFO ] 2021-10-27 17:13:30.488 [main] Log - Connecting to HyperSQL Database
[INFO ] 2021-10-27 17:13:41.184 [main] Log - **** Start: Test to check table creation ******
[INFO ] 2021-10-27 17:13:41.184 [main] Log - Connecting to HyperSQL Database
[INFO ] 2021-10-27 17:13:51.582 [main] Log - *****************************************************************************************
[INFO ] 2021-10-27 17:13:51.583 [main] Log - ****** Finished Test Execution for Class class com.sc.test.HyperSqlDBConnectionTest*******
[INFO ] 2021-10-27 17:13:51.584 [main] Log - *****************************************************************************************
[INFO ] 2021-10-27 17:20:06.520 [main] Log - *****************************************************************************************
[INFO ] 2021-10-27 17:20:06.528 [main] Log - ****** Initializing Test Execution for Class class com.sc.test.HyperSqlDBConnectionTest*******
[INFO ] 2021-10-27 17:20:06.529 [main] Log - *****************************************************************************************
[INFO ] 2021-10-27 17:20:06.735 [main] Log - **** Start: Test to check DB Connectivity ******
[INFO ] 2021-10-27 17:20:06.739 [main] Log - Connecting to HyperSQL Database
[INFO ] 2021-10-27 17:20:07.318 [main] Log - Connection is established successfully
[INFO ] 2021-10-27 17:20:07.326 [main] Log - **** Start: Test to check table creation ******
[INFO ] 2021-10-27 17:20:07.326 [main] Log - Connecting to HyperSQL Database
[INFO ] 2021-10-27 17:20:07.328 [main] Log - Connection is established successfully
[INFO ] 2021-10-27 17:20:07.329 [main] Log - Creating LogEvents table
[INFO ] 2021-10-27 17:20:07.349 [main] Log - Closing DB connection.
[INFO ] 2021-10-27 17:20:07.355 [main] Log - *****************************************************************************************
[INFO ] 2021-10-27 17:20:07.355 [main] Log - ****** Finished Test Execution for Class class com.sc.test.HyperSqlDBConnectionTest*******
[INFO ] 2021-10-27 17:20:07.356 [main] Log - *****************************************************************************************
[INFO ] 2021-10-27 17:25:37.367 [main] Log - *****************************************************************************************
[INFO ] 2021-10-27 17:25:37.372 [main] Log - ****** Initializing Test Execution for class com.sc.test.HyperSqlDBConnectionTest*******
[INFO ] 2021-10-27 17:25:37.372 [main] Log - *****************************************************************************************
[INFO ] 2021-10-27 17:25:37.504 [main] Log - **** Start: Test to check DB Connectivity ******
[INFO ] 2021-10-27 17:25:37.507 [main] Log - Connecting to HyperSQL Database
[INFO ] 2021-10-27 17:25:48.387 [main] Log - **** Start: Test to check table creation ******
[INFO ] 2021-10-27 17:25:48.401 [main] Log - Connecting to HyperSQL Database
[INFO ] 2021-10-27 17:25:59.327 [main] Log - *****************************************************************************************
[INFO ] 2021-10-27 17:25:59.330 [main] Log - ****** Finished Test Execution for class com.sc.test.HyperSqlDBConnectionTest*******
[INFO ] 2021-10-27 17:25:59.333 [main] Log - *****************************************************************************************
[INFO ] 2021-10-27 17:32:25.365 [main] Log - *****************************************************************************************
[INFO ] 2021-10-27 17:32:25.371 [main] Log - ****** Initializing Test Execution for class com.sc.test.HyperSqlDBConnectionTest*******
[INFO ] 2021-10-27 17:32:25.371 [main] Log - *****************************************************************************************
[INFO ] 2021-10-27 17:32:25.503 [main] Log - **** Start: Test to check DB Connectivity ******
[INFO ] 2021-10-27 17:32:25.514 [main] Log - Connecting to HyperSQL Database
[INFO ] 2021-10-27 17:32:26.006 [main] Log - Connection is established successfully
[INFO ] 2021-10-27 17:32:26.021 [main] Log - **** Start: Test to check table creation ******
[INFO ] 2021-10-27 17:32:26.021 [main] Log - Connecting to HyperSQL Database
[INFO ] 2021-10-27 17:32:26.022 [main] Log - Connection is established successfully
[INFO ] 2021-10-27 17:32:26.023 [main] Log - Creating LogEvents table
[INFO ] 2021-10-27 17:32:26.043 [main] Log - Closing DB connection.
[INFO ] 2021-10-27 17:32:26.047 [main] Log - *****************************************************************************************
[INFO ] 2021-10-27 17:32:26.048 [main] Log - ****** Finished Test Execution for class com.sc.test.HyperSqlDBConnectionTest*******
[INFO ] 2021-10-27 17:32:26.048 [main] Log - *****************************************************************************************
[INFO ] 2021-10-27 17:34:57.042 [main] Log - Test Started
[INFO ] 2021-10-27 17:34:57.136 [main] Log - Connecting to HyperSQL Database
[WARN ] 2021-10-27 17:34:57.821 [main] Log - Deleting all entries in DB table < LogEvents >.
[INFO ] 2021-10-27 17:34:57.835 [main] Log - Creating LogEvents table
[INFO ] 2021-10-27 17:34:57.853 [main] Log - Closing DB connection.
[INFO ] 2021-10-27 17:34:57.876 [main] Log - Closing DB connection.
[INFO ] 2021-10-27 17:34:57.879 [main] Log - Closing DB connection.
[INFO ] 2021-10-27 17:34:57.883 [main] Log - Closing DB connection.
[INFO ] 2021-10-27 17:34:57.883 [main] Log - Closing DB connection.
[INFO ] 2021-10-27 17:36:30.148 [main] Log - Test Started
[INFO ] 2021-10-27 17:37:08.746 [main] Log - Connecting to HyperSQL Database
[WARN ] 2021-10-27 17:37:13.650 [main] Log - Deleting all entries in DB table < LogEvents >.
[INFO ] 2021-10-27 17:37:48.832 [main] Log - Creating LogEvents table
[INFO ] 2021-10-27 17:38:01.780 [main] Log - Closing DB connection.
[INFO ] 2021-10-27 17:38:21.054 [main] Log - Closing DB connection.
[INFO ] 2021-10-27 17:42:41.410 [main] Log - Test Started
[INFO ] 2021-10-27 17:42:41.565 [main] Log - Connecting to HyperSQL Database
[WARN ] 2021-10-27 17:42:42.112 [main] Log - Deleting all entries in DB table < LogEvents >.
[INFO ] 2021-10-27 17:42:42.121 [main] Log - Creating LogEvents table
[INFO ] 2021-10-27 17:42:42.153 [main] Log - Closing DB connection.
[INFO ] 2021-10-27 17:50:57.449 [main] Log - *****************************************************************************************
[INFO ] 2021-10-27 17:50:57.465 [main] Log - ****** Initializing Test Execution for class com.sc.test.HyperSqlDBConnectionTest*******
[INFO ] 2021-10-27 17:50:57.465 [main] Log - *****************************************************************************************
[INFO ] 2021-10-27 17:50:57.712 [main] Log - **** Start: Test to check DB Connectivity ******
[INFO ] 2021-10-27 17:50:57.714 [main] Log - Connecting to HyperSQL Database
[INFO ] 2021-10-27 17:50:58.149 [main] Log - Connection is established successfully
[INFO ] 2021-10-27 17:50:58.149 [main] Log - Closing DB connection.
[INFO ] 2021-10-27 17:50:58.179 [main] Log - **** Start: Test to check table creation ******
[INFO ] 2021-10-27 17:50:58.179 [main] Log - Connecting to HyperSQL Database
[INFO ] 2021-10-27 17:50:58.181 [main] Log - Connection is established successfully
[INFO ] 2021-10-27 17:50:58.182 [main] Log - Creating LogEvents table
[INFO ] 2021-10-27 17:50:58.186 [main] Log - Closing DB connection.
[INFO ] 2021-10-27 17:50:58.200 [main] Log - **** Start: Test to retrieve data from DB ******
[INFO ] 2021-10-27 17:50:58.201 [main] Log - Connecting to HyperSQL Database
[INFO ] 2021-10-27 17:50:58.202 [main] Log - Connection is established successfully
[INFO ] 2021-10-27 17:50:58.233 [main] Log - Closing DB connection.
[INFO ] 2021-10-27 17:50:58.243 [main] Log - *****************************************************************************************
[INFO ] 2021-10-27 17:50:58.244 [main] Log - ****** Finished Test Execution for class com.sc.test.HyperSqlDBConnectionTest*******
[INFO ] 2021-10-27 17:50:58.244 [main] Log - *****************************************************************************************
[INFO ] 2021-10-27 17:53:30.965 [main] Log - *****************************************************************************************
[INFO ] 2021-10-27 17:53:30.970 [main] Log - ****** Initializing Test Execution for class com.sc.test.HyperSqlDBConnectionTest*******
[INFO ] 2021-10-27 17:53:30.971 [main] Log - *****************************************************************************************
[INFO ] 2021-10-27 17:53:31.120 [main] Log - **** Start: Test to check DB Connectivity ******
[INFO ] 2021-10-27 17:53:31.123 [main] Log - Connecting to HyperSQL Database
[INFO ] 2021-10-27 17:53:31.656 [main] Log - Connection is established successfully
[INFO ] 2021-10-27 17:53:31.656 [main] Log - Closing DB connection.
[INFO ] 2021-10-27 17:53:31.692 [main] Log - **** Start: Test to check table creation ******
[INFO ] 2021-10-27 17:53:31.692 [main] Log - Connecting to HyperSQL Database
[INFO ] 2021-10-27 17:53:31.693 [main] Log - Connection is established successfully
[INFO ] 2021-10-27 17:53:31.695 [main] Log - Creating LogEvents table
[INFO ] 2021-10-27 17:53:31.703 [main] Log - Closing DB connection.
[INFO ] 2021-10-27 17:53:31.752 [main] Log - **** Start: Test to retrieve data from DB ******
[INFO ] 2021-10-27 17:53:31.753 [main] Log - Connecting to HyperSQL Database
[INFO ] 2021-10-27 17:53:31.754 [main] Log - Connection is established successfully
[INFO ] 2021-10-27 17:53:31.772 [main] Log - Closing DB connection.
[INFO ] 2021-10-27 17:53:31.787 [main] Log - *****************************************************************************************
[INFO ] 2021-10-27 17:53:31.788 [main] Log - ****** Finished Test Execution for class com.sc.test.HyperSqlDBConnectionTest*******
[INFO ] 2021-10-27 17:53:31.788 [main] Log - *****************************************************************************************
[INFO ] 2021-10-27 18:06:25.734 [main] Log - Connecting to HyperSQL Database
[INFO ] 2021-10-27 18:06:26.101 [main] Log - DB Connection is successful
[INFO ] 2021-10-27 18:06:26.116 [main] Log - Connection is established successfully
[INFO ] 2021-10-27 18:06:26.116 [main] Log - Closing DB connection.
[INFO ] 2021-10-27 18:06:26.132 [main] Log - Connecting to HyperSQL Database
[INFO ] 2021-10-27 18:06:26.132 [main] Log - DB Connection is successful
[INFO ] 2021-10-27 18:06:26.132 [main] Log - Creating LogEvents table
[INFO ] 2021-10-27 18:06:26.144 [main] Log - Closing DB connection.
[INFO ] 2021-10-27 18:06:26.156 [main] Log - Connecting to HyperSQL Database
[INFO ] 2021-10-27 18:06:26.156 [main] Log - DB Connection is successful
[INFO ] 2021-10-27 18:06:26.173 [main] Log - Closing DB connection.
[WARN ] 2021-10-27 18:19:57.612 [main] Log - Deleting all entries in DB table < LogEvents >.
[INFO ] 2021-10-27 18:19:57.632 [main] Log - Creating LogEvents table
[INFO ] 2021-10-27 18:19:57.642 [main] Log - Closing DB connection.
[WARN ] 2021-10-27 18:21:29.369 [main] Log - Deleting all entries in DB table < LogEvents >.
[INFO ] 2021-10-27 18:21:29.385 [main] Log - Creating LogEvents table
[INFO ] 2021-10-27 18:21:29.416 [main] Log - Closing DB connection.
[INFO ] 2021-10-27 18:21:29.770 [main] Log - DB Connection is successful
[INFO ] 2021-10-27 18:21:29.770 [main] Log - Closing DB connection.
[INFO ] 2021-10-27 18:21:29.786 [main] Log - DB Connection is successful
[INFO ] 2021-10-27 18:21:29.786 [main] Log - Creating LogEvents table
[INFO ] 2021-10-27 18:21:29.786 [main] Log - Closing DB connection.
[INFO ] 2021-10-27 18:21:29.786 [main] Log - DB Connection is successful
[INFO ] 2021-10-27 18:21:29.801 [main] Log - Closing DB connection.
[WARN ] 2021-10-27 18:23:58.385 [main] Log - Deleting all entries in DB table < LogEvents >.
[INFO ] 2021-10-27 18:23:58.401 [main] Log - Creating LogEvents table
[INFO ] 2021-10-27 18:23:58.416 [main] Log - Closing DB connection.
[WARN ] 2021-10-27 18:30:50.744 [main] Log - Deleting all entries in DB table < LogEvents >.
[INFO ] 2021-10-27 18:30:50.766 [main] Log - Creating LogEvents table
[INFO ] 2021-10-27 18:30:50.797 [main] Log - Closing DB connection.
[INFO ] 2021-10-27 18:30:51.167 [main] Log - DB Connection is successful
[INFO ] 2021-10-27 18:30:51.167 [main] Log - Closing DB connection.
[INFO ] 2021-10-27 18:30:51.182 [main] Log - DB Connection is successful
[INFO ] 2021-10-27 18:30:51.182 [main] Log - Creating LogEvents table
[INFO ] 2021-10-27 18:30:51.182 [main] Log - Closing DB connection.
[INFO ] 2021-10-27 18:30:51.182 [main] Log - DB Connection is successful
[INFO ] 2021-10-27 18:30:51.200 [main] Log - Closing DB connection.
[WARN ] 2021-10-27 18:31:15.181 [main] Log - Deleting all entries in DB table < LogEvents >.
[INFO ] 2021-10-27 18:31:15.201 [main] Log - Creating LogEvents table
[INFO ] 2021-10-27 18:31:15.211 [main] Log - Closing DB connection.
[INFO ] 2021-10-27 18:31:15.588 [main] Log - DB Connection is successful
[INFO ] 2021-10-27 18:31:15.588 [main] Log - Closing DB connection.
[INFO ] 2021-10-27 18:31:15.604 [main] Log - DB Connection is successful
[INFO ] 2021-10-27 18:31:15.604 [main] Log - Creating LogEvents table
[INFO ] 2021-10-27 18:31:15.604 [main] Log - Closing DB connection.
[INFO ] 2021-10-27 18:31:15.619 [main] Log - DB Connection is successful
[INFO ] 2021-10-27 18:31:15.619 [main] Log - Closing DB connection.
[WARN ] 2021-10-27 18:50:19.949 [main] Log - Deleting all entries in DB table < LogEvents >.
[INFO ] 2021-10-27 18:50:19.959 [main] Log - Creating LogEvents table
[INFO ] 2021-10-27 18:50:19.969 [main] Log - Closing DB connection.
[INFO ] 2021-10-27 18:50:20.280 [main] Log - DB Connection is successful
[INFO ] 2021-10-27 18:50:20.282 [main] Log - Closing DB connection.
[INFO ] 2021-10-27 18:50:20.282 [main] Log - DB Connection is successful
[INFO ] 2021-10-27 18:50:20.282 [main] Log - Creating LogEvents table
[INFO ] 2021-10-27 18:50:20.282 [main] Log - Closing DB connection.
[INFO ] 2021-10-27 18:50:20.292 [main] Log - DB Connection is successful
[INFO ] 2021-10-27 18:50:20.292 [main] Log - Closing DB connection.
